<?xml version="1.0" encoding="UTF-8"?>
<testng-results ignored="0" total="1" passed="1" failed="0" skipped="0">
  <reporter-output>
  </reporter-output>
  <suite started-at="2022-05-30T15:08:28 IST" name="Default suite" finished-at="2022-05-30T15:08:28 IST" duration-ms="41">
    <groups>
    </groups>
    <test started-at="2022-05-30T15:08:28 IST" name="Default test" finished-at="2022-05-30T15:08:28 IST" duration-ms="41">
      <class name="com.testjenkinsTest.DemoJenkinsTest">
        <test-method signature="practiceTest1()[pri:0, instance:com.testjenkinsTest.DemoJenkinsTest@3c947bc5]" started-at="2022-05-30T15:08:28 IST" name="practiceTest1" finished-at="2022-05-30T15:08:28 IST" duration-ms="9" status="PASS">
          <reporter-output>
          </reporter-output>
        </test-method> <!-- practiceTest1 -->
      </class> <!-- com.testjenkinsTest.DemoJenkinsTest -->
    </test> <!-- Default test -->
  </suite> <!-- Default suite -->
</testng-results>
